<?xml version="1.0" encoding="UTF-8"?>
<testsuite xmlns:xsi="http://www.w3.org/2001/XMLSchema-instance" xsi:noNamespaceSchemaLocation="https://maven.apache.org/surefire/maven-surefire-plugin/xsd/surefire-test-report-3.0.xsd" version="3.0" name="TestSuite" time="70.754" tests="2" errors="0" skipped="0" failures="0">
  <properties>
[...]
</properties>
  <testcase name="scenario[&quot;Customer place an order by purchasing an item from search&quot;, &quot;Optional[Automated End2End Tests]&quot;](1)" classname="testRunners.TestRunner" time="36.342">
    <system-out><![CDATA[[TestNGContentHandler] [WARN] It is strongly recommended to add "<!DOCTYPE suite SYSTEM "http://testng.org/testng-1.0.dtd" >" at the top of your file, otherwise TestNG may fail or not work as expected.

@End2End_1
Scenario Outline: Customer place an order by purchasing an item from search     # src/main/java/featureFiles/End2End_Tests.feature:18
Setting up driver
  Given user is on Home Page                                                    # stepDefinitions.HomePageSteps.userInHomePage()

    Embedding screenshot [image/png 556217 bytes]

  When user searches for "dress"                                                # stepDefinitions.HomePageSteps.he_search_for(java.lang.String)

    Embedding screenshot [image/png 198867 bytes]

  And user chooses to buy the item 1 with color as "White" and size as "Medium" # stepDefinitions.ProductPageSteps.choose_to_buy_the__item(int,java.lang.String,java.lang.String)

    Embedding screenshot [image/png 168897 bytes]

  And user moves to checkout from mini cart                                     # stepDefinitions.CartPageSteps.moves_to_checkout_from_mini_cart()

    Embedding screenshot [image/png 33746 bytes]

  And user enters "Lakshay" personal details on checkout page                   # stepDefinitions.CheckoutPageSteps.enter_personal_details_on_checkout_page(java.lang.String)

    Embedding screenshot [image/png 52284 bytes]

  And user accepts terms and conditions                                         # stepDefinitions.CheckoutPageSteps.acceptTerms()

    Embedding screenshot [image/png 50549 bytes]

  Then place the order                                                          # stepDefinitions.CheckoutPageSteps.placeOrder()

    Embedding screenshot [image/png 51748 bytes]

  And verify the order details                                                  # stepDefinitions.ConfirmationPageSteps.verify_the_order_details()

    Embedding screenshot [image/png 34700 bytes]

  And take screenshot of order                                                  # stepDefinitions.ConfirmationPageSteps.takeScreenshot_ofOrder()

    Embedding screenshot [image/png 45709 bytes]

Quitting driver
]]></system-out>
    <system-err><![CDATA[SLF4J: Failed to load class "org.slf4j.impl.StaticLoggerBinder".
SLF4J: Defaulting to no-operation (NOP) logger implementation
SLF4J: See http://www.slf4j.org/codes.html#StaticLoggerBinder for further details.
Starting ChromeDriver 106.0.5249.61 (511755355844955cd3e264779baf0dd38212a4d0-refs/branch-heads/5249@{#569}) on port 53496
Only local connections are allowed.
Please see https://chromedriver.chromium.org/security-considerations for suggestions on keeping ChromeDriver safe.
ChromeDriver was started successfully.
Nov 01, 2022 9:17:02 AM org.openqa.selenium.remote.ProtocolHandshake createSession
INFO: Detected upstream dialect: W3C
Nov 01, 2022 9:17:02 AM org.openqa.selenium.devtools.CdpVersionFinder findNearestMatch
WARNING: Unable to find an exact match for CDP version 106, so returning the closest version found: 103
Nov 01, 2022 9:17:02 AM org.openqa.selenium.devtools.CdpVersionFinder findNearestMatch
INFO: Found CDP implementation for version 106 of 103
]]></system-err>
  </testcase>
  <testcase name="scenario[&quot;Customer place an order by purchasing an item from search&quot;, &quot;Optional[Automated End2End Tests]&quot;](2)" classname="testRunners.TestRunner" time="26.062">
    <system-out><![CDATA[
@End2End_1
Scenario Outline: Customer place an order by purchasing an item from search     # src/main/java/featureFiles/End2End_Tests.feature:19
Setting up driver
  Given user is on Home Page                                                    # stepDefinitions.HomePageSteps.userInHomePage()

    Embedding screenshot [image/png 24837 bytes]

  When user searches for "dress"                                                # stepDefinitions.HomePageSteps.he_search_for(java.lang.String)

    Embedding screenshot [image/png 202955 bytes]

  And user chooses to buy the item 1 with color as "White" and size as "Medium" # stepDefinitions.ProductPageSteps.choose_to_buy_the__item(int,java.lang.String,java.lang.String)

    Embedding screenshot [image/png 168897 bytes]

  And user moves to checkout from mini cart                                     # stepDefinitions.CartPageSteps.moves_to_checkout_from_mini_cart()

    Embedding screenshot [image/png 33746 bytes]

  And user enters "Virender" personal details on checkout page                  # stepDefinitions.CheckoutPageSteps.enter_personal_details_on_checkout_page(java.lang.String)

    Embedding screenshot [image/png 52778 bytes]

  And user accepts terms and conditions                                         # stepDefinitions.CheckoutPageSteps.acceptTerms()

    Embedding screenshot [image/png 51065 bytes]

  Then place the order                                                          # stepDefinitions.CheckoutPageSteps.placeOrder()

    Embedding screenshot [image/png 52219 bytes]

  And verify the order details                                                  # stepDefinitions.ConfirmationPageSteps.verify_the_order_details()

    Embedding screenshot [image/png 34700 bytes]

  And take screenshot of order                                                  # stepDefinitions.ConfirmationPageSteps.takeScreenshot_ofOrder()

    Embedding screenshot [image/png 45752 bytes]

Quitting driver
]]></system-out>
    <system-err><![CDATA[Starting ChromeDriver 106.0.5249.61 (511755355844955cd3e264779baf0dd38212a4d0-refs/branch-heads/5249@{#569}) on port 61577
Only local connections are allowed.
Please see https://chromedriver.chromium.org/security-considerations for suggestions on keeping ChromeDriver safe.
ChromeDriver was started successfully.
Nov 01, 2022 9:17:35 AM org.openqa.selenium.remote.ProtocolHandshake createSession
INFO: Detected upstream dialect: W3C
Nov 01, 2022 9:17:35 AM org.openqa.selenium.devtools.CdpVersionFinder findNearestMatch
WARNING: Unable to find an exact match for CDP version 106, so returning the closest version found: 103
Nov 01, 2022 9:17:35 AM org.openqa.selenium.devtools.CdpVersionFinder findNearestMatch
INFO: Found CDP implementation for version 106 of 103
]]></system-err>
  </testcase>
</testsuite>